<?xml version="1.0" encoding="UTF-8"?>
<testsuite name="TestSuite" time="5.957" tests="3" errors="0" skipped="0" failures="1">
  <properties>
[...]
</properties>
  <testcase name="verifytitle" classname="Testng.NewTest1" time="0.034"/>
  <testcase name="verifyurl" classname="Testng.NewTest1" time="0.021">
    <failure message="expected [edureka.com] but found [https://www.edureka.co/]" type="java.lang.AssertionError">java.lang.AssertionError: expected [edureka.com] but found [https://www.edureka.co/]
	at org.testng.Assert.fail(Assert.java:96)
	at org.testng.Assert.failNotEquals(Assert.java:776)
	at org.testng.Assert.assertEqualsImpl(Assert.java:137)
	at org.testng.Assert.assertEquals(Assert.java:118)
	at org.testng.Assert.assertEquals(Assert.java:453)
	at org.testng.Assert.assertEquals(Assert.java:463)
	at Testng.NewTest1.verifyurl(NewTest1.java:32)
</failure>
    <system-out><![CDATA[https://www.edureka.co/
]]></system-out>
    <system-err><![CDATA[Starting ChromeDriver 81.0.4044.69 (6813546031a4bc83f717a2ef7cd4ac6ec1199132-refs/branch-heads/4044@{#776}) on port 5003
Only local connections are allowed.
Please protect ports used by ChromeDriver and related test frameworks to prevent access by malicious code.
Apr 12, 2020 9:24:52 PM org.openqa.selenium.remote.ProtocolHandshake createSession
INFO: Detected dialect: W3C
[1586706893.406][SEVERE]: Timed out receiving message from renderer: 0.100
[1586706893.545][SEVERE]: Timed out receiving message from renderer: 0.100
[1586706894.306][SEVERE]: Timed out receiving message from renderer: 0.100
[1586706894.553][SEVERE]: Timed out receiving message from renderer: 0.100
[1586706894.897][SEVERE]: Timed out receiving message from renderer: 0.100
[1586706895.142][SEVERE]: Timed out receiving message from renderer: 0.100
[1586706895.554][SEVERE]: Timed out receiving message from renderer: 0.100
[1586706896.064][SEVERE]: Timed out receiving message from renderer: 0.100
[1586706896.919][SEVERE]: Timed out receiving message from renderer: 0.100
[1586706897.709][SEVERE]: Timed out receiving message from renderer: 0.100
[1586706898.306][SEVERE]: Timed out receiving message from renderer: 0.100
]]></system-err>
  </testcase>
  <testcase name="verifytitle1" classname="Testng.NewTest2" time="5.902"/>
</testsuite>