<?xml version="1.0" encoding="UTF-8"?>
<!-- Generated by org.testng.reporters.JUnitXMLReporter -->
<testsuite hostname="LAPTOP-IM85IN4O" ignored="0" name="test" tests="3" failures="1" timestamp="12 Apr 2020 15:55:10 GMT" time="39.704" errors="0">
  <testcase name="verifytitle" time="0.033" classname="Testng.NewTest1"/>
  <testcase name="verifyurl" time="0.013" classname="Testng.NewTest1">
    <failure type="java.lang.AssertionError" message="expected [edureka.com] but found [https://www.edureka.co/]">
      <![CDATA[java.lang.AssertionError: expected [edureka.com] but found [https://www.edureka.co/]
at Testng.NewTest1.verifyurl(NewTest1.java:32)
... Removed 34 stack frames]]>
    </failure>
  </testcase> <!-- verifyurl -->
  <testcase name="verifytitle1" time="5.9" classname="Testng.NewTest2"/>
</testsuite> <!-- test -->
